mode: set
github.com/devrev/pairdb/api-gateway/internal/config/config.go:64.47,71.22 3 0
github.com/devrev/pairdb/api-gateway/internal/config/config.go:71.22,73.3 1 0
github.com/devrev/pairdb/api-gateway/internal/config/config.go:73.8,78.3 4 0
github.com/devrev/pairdb/api-gateway/internal/config/config.go:81.2,86.41 4 0
github.com/devrev/pairdb/api-gateway/internal/config/config.go:86.41,87.56 1 0
github.com/devrev/pairdb/api-gateway/internal/config/config.go:87.56,89.4 1 0
github.com/devrev/pairdb/api-gateway/internal/config/config.go:92.2,93.42 2 0
github.com/devrev/pairdb/api-gateway/internal/config/config.go:93.42,95.3 1 0
github.com/devrev/pairdb/api-gateway/internal/config/config.go:98.2,98.39 1 0
github.com/devrev/pairdb/api-gateway/internal/config/config.go:98.39,100.3 1 0
github.com/devrev/pairdb/api-gateway/internal/config/config.go:102.2,102.18 1 0
github.com/devrev/pairdb/api-gateway/internal/config/config.go:106.34,138.2 22 0
github.com/devrev/pairdb/api-gateway/internal/config/config.go:141.35,142.49 1 0
github.com/devrev/pairdb/api-gateway/internal/config/config.go:142.49,144.3 1 0
github.com/devrev/pairdb/api-gateway/internal/config/config.go:146.2,146.39 1 0
github.com/devrev/pairdb/api-gateway/internal/config/config.go:146.39,148.3 1 0
github.com/devrev/pairdb/api-gateway/internal/config/config.go:150.2,150.32 1 0
github.com/devrev/pairdb/api-gateway/internal/config/config.go:150.32,152.3 1 0
github.com/devrev/pairdb/api-gateway/internal/config/config.go:154.2,154.27 1 0
github.com/devrev/pairdb/api-gateway/internal/config/config.go:154.27,155.43 1 0
github.com/devrev/pairdb/api-gateway/internal/config/config.go:155.43,157.4 1 0
github.com/devrev/pairdb/api-gateway/internal/config/config.go:158.3,158.35 1 0
github.com/devrev/pairdb/api-gateway/internal/config/config.go:158.35,160.4 1 0
github.com/devrev/pairdb/api-gateway/internal/config/config.go:163.2,163.23 1 0
github.com/devrev/pairdb/api-gateway/internal/config/config.go:163.23,164.52 1 0
github.com/devrev/pairdb/api-gateway/internal/config/config.go:164.52,166.4 1 0
github.com/devrev/pairdb/api-gateway/internal/config/config.go:169.2,169.12 1 0
github.com/devrev/pairdb/api-gateway/internal/converter/grpc_to_http.go:12.34,14.2 1 1
github.com/devrev/pairdb/api-gateway/internal/converter/grpc_to_http.go:117.103,127.2 1 1
github.com/devrev/pairdb/api-gateway/internal/converter/grpc_to_http.go:130.100,137.2 1 1
github.com/devrev/pairdb/api-gateway/internal/converter/grpc_to_http.go:140.100,147.2 1 1
github.com/devrev/pairdb/api-gateway/internal/converter/grpc_to_http.go:150.133,159.2 1 0
github.com/devrev/pairdb/api-gateway/internal/converter/grpc_to_http.go:162.91,170.2 1 1
github.com/devrev/pairdb/api-gateway/internal/converter/grpc_to_http.go:173.106,181.2 1 0
github.com/devrev/pairdb/api-gateway/internal/converter/grpc_to_http.go:184.115,192.2 1 0
github.com/devrev/pairdb/api-gateway/internal/converter/grpc_to_http.go:195.118,206.26 2 0
github.com/devrev/pairdb/api-gateway/internal/converter/grpc_to_http.go:206.26,212.3 1 0
github.com/devrev/pairdb/api-gateway/internal/converter/grpc_to_http.go:214.2,214.17 1 0
github.com/devrev/pairdb/api-gateway/internal/converter/grpc_to_http.go:218.112,220.34 2 1
github.com/devrev/pairdb/api-gateway/internal/converter/grpc_to_http.go:220.34,230.3 1 1
github.com/devrev/pairdb/api-gateway/internal/converter/grpc_to_http.go:232.2,235.3 1 1
github.com/devrev/pairdb/api-gateway/internal/converter/grpc_to_http.go:239.37,240.13 1 1
github.com/devrev/pairdb/api-gateway/internal/converter/grpc_to_http.go:240.13,242.3 1 1
github.com/devrev/pairdb/api-gateway/internal/converter/grpc_to_http.go:243.2,243.16 1 0
github.com/devrev/pairdb/api-gateway/internal/converter/grpc_to_http.go:247.62,248.39 1 1
github.com/devrev/pairdb/api-gateway/internal/converter/grpc_to_http.go:248.39,250.3 1 1
github.com/devrev/pairdb/api-gateway/internal/converter/grpc_to_http.go:252.2,253.35 2 0
github.com/devrev/pairdb/api-gateway/internal/converter/grpc_to_http.go:253.35,255.3 1 0
github.com/devrev/pairdb/api-gateway/internal/converter/grpc_to_http.go:256.2,256.15 1 0
github.com/devrev/pairdb/api-gateway/internal/converter/http_to_grpc.go:19.34,21.2 1 1
github.com/devrev/pairdb/api-gateway/internal/converter/http_to_grpc.go:63.94,65.16 2 1
github.com/devrev/pairdb/api-gateway/internal/converter/http_to_grpc.go:65.16,67.3 1 0
github.com/devrev/pairdb/api-gateway/internal/converter/http_to_grpc.go:68.2,71.55 3 1
github.com/devrev/pairdb/api-gateway/internal/converter/http_to_grpc.go:71.55,73.3 1 0
github.com/devrev/pairdb/api-gateway/internal/converter/http_to_grpc.go:75.2,75.23 1 1
github.com/devrev/pairdb/api-gateway/internal/converter/http_to_grpc.go:75.23,77.3 1 1
github.com/devrev/pairdb/api-gateway/internal/converter/http_to_grpc.go:79.2,79.28 1 1
github.com/devrev/pairdb/api-gateway/internal/converter/http_to_grpc.go:79.28,81.3 1 0
github.com/devrev/pairdb/api-gateway/internal/converter/http_to_grpc.go:84.2,88.23 3 1
github.com/devrev/pairdb/api-gateway/internal/converter/http_to_grpc.go:88.23,90.3 1 1
github.com/devrev/pairdb/api-gateway/internal/converter/http_to_grpc.go:93.2,93.38 1 1
github.com/devrev/pairdb/api-gateway/internal/converter/http_to_grpc.go:93.38,95.3 1 0
github.com/devrev/pairdb/api-gateway/internal/converter/http_to_grpc.go:97.2,103.8 1 1
github.com/devrev/pairdb/api-gateway/internal/converter/http_to_grpc.go:107.92,111.15 3 1
github.com/devrev/pairdb/api-gateway/internal/converter/http_to_grpc.go:111.15,113.3 1 0
github.com/devrev/pairdb/api-gateway/internal/converter/http_to_grpc.go:115.2,116.20 2 1
github.com/devrev/pairdb/api-gateway/internal/converter/http_to_grpc.go:116.20,118.3 1 0
github.com/devrev/pairdb/api-gateway/internal/converter/http_to_grpc.go:121.2,122.23 2 1
github.com/devrev/pairdb/api-gateway/internal/converter/http_to_grpc.go:122.23,124.3 1 1
github.com/devrev/pairdb/api-gateway/internal/converter/http_to_grpc.go:127.2,127.38 1 1
github.com/devrev/pairdb/api-gateway/internal/converter/http_to_grpc.go:127.38,129.3 1 0
github.com/devrev/pairdb/api-gateway/internal/converter/http_to_grpc.go:131.2,135.8 1 1
github.com/devrev/pairdb/api-gateway/internal/converter/http_to_grpc.go:139.92,141.16 2 1
github.com/devrev/pairdb/api-gateway/internal/converter/http_to_grpc.go:141.16,143.3 1 0
github.com/devrev/pairdb/api-gateway/internal/converter/http_to_grpc.go:144.2,147.55 3 1
github.com/devrev/pairdb/api-gateway/internal/converter/http_to_grpc.go:147.55,149.3 1 0
github.com/devrev/pairdb/api-gateway/internal/converter/http_to_grpc.go:151.2,151.28 1 1
github.com/devrev/pairdb/api-gateway/internal/converter/http_to_grpc.go:151.28,153.3 1 0
github.com/devrev/pairdb/api-gateway/internal/converter/http_to_grpc.go:156.2,157.28 2 1
github.com/devrev/pairdb/api-gateway/internal/converter/http_to_grpc.go:157.28,159.3 1 0
github.com/devrev/pairdb/api-gateway/internal/converter/http_to_grpc.go:161.2,161.27 1 1
github.com/devrev/pairdb/api-gateway/internal/converter/http_to_grpc.go:161.27,163.3 1 0
github.com/devrev/pairdb/api-gateway/internal/converter/http_to_grpc.go:165.2,168.8 1 1
github.com/devrev/pairdb/api-gateway/internal/converter/http_to_grpc.go:172.114,176.20 3 0
github.com/devrev/pairdb/api-gateway/internal/converter/http_to_grpc.go:176.20,178.3 1 0
github.com/devrev/pairdb/api-gateway/internal/converter/http_to_grpc.go:180.2,181.16 2 0
github.com/devrev/pairdb/api-gateway/internal/converter/http_to_grpc.go:181.16,183.3 1 0
github.com/devrev/pairdb/api-gateway/internal/converter/http_to_grpc.go:184.2,187.55 3 0
github.com/devrev/pairdb/api-gateway/internal/converter/http_to_grpc.go:187.55,189.3 1 0
github.com/devrev/pairdb/api-gateway/internal/converter/http_to_grpc.go:191.2,191.35 1 0
github.com/devrev/pairdb/api-gateway/internal/converter/http_to_grpc.go:191.35,193.3 1 0
github.com/devrev/pairdb/api-gateway/internal/converter/http_to_grpc.go:195.2,198.8 1 0
github.com/devrev/pairdb/api-gateway/internal/converter/http_to_grpc.go:202.86,206.20 3 1
github.com/devrev/pairdb/api-gateway/internal/converter/http_to_grpc.go:206.20,208.3 1 0
github.com/devrev/pairdb/api-gateway/internal/converter/http_to_grpc.go:210.2,212.8 1 1
github.com/devrev/pairdb/api-gateway/internal/converter/http_to_grpc.go:216.96,218.16 2 0
github.com/devrev/pairdb/api-gateway/internal/converter/http_to_grpc.go:218.16,220.3 1 0
github.com/devrev/pairdb/api-gateway/internal/converter/http_to_grpc.go:221.2,224.55 3 0
github.com/devrev/pairdb/api-gateway/internal/converter/http_to_grpc.go:224.55,226.3 1 0
github.com/devrev/pairdb/api-gateway/internal/converter/http_to_grpc.go:228.2,228.26 1 0
github.com/devrev/pairdb/api-gateway/internal/converter/http_to_grpc.go:228.26,230.3 1 0
github.com/devrev/pairdb/api-gateway/internal/converter/http_to_grpc.go:232.2,232.24 1 0
github.com/devrev/pairdb/api-gateway/internal/converter/http_to_grpc.go:232.24,234.3 1 0
github.com/devrev/pairdb/api-gateway/internal/converter/http_to_grpc.go:236.2,236.47 1 0
github.com/devrev/pairdb/api-gateway/internal/converter/http_to_grpc.go:236.47,238.3 1 0
github.com/devrev/pairdb/api-gateway/internal/converter/http_to_grpc.go:241.2,242.23 2 0
github.com/devrev/pairdb/api-gateway/internal/converter/http_to_grpc.go:242.23,244.3 1 0
github.com/devrev/pairdb/api-gateway/internal/converter/http_to_grpc.go:246.2,251.8 1 0
github.com/devrev/pairdb/api-gateway/internal/converter/http_to_grpc.go:255.102,259.18 3 0
github.com/devrev/pairdb/api-gateway/internal/converter/http_to_grpc.go:259.18,261.3 1 0
github.com/devrev/pairdb/api-gateway/internal/converter/http_to_grpc.go:264.2,265.60 2 0
github.com/devrev/pairdb/api-gateway/internal/converter/http_to_grpc.go:265.60,268.17 3 0
github.com/devrev/pairdb/api-gateway/internal/converter/http_to_grpc.go:268.17,270.4 1 0
github.com/devrev/pairdb/api-gateway/internal/converter/http_to_grpc.go:273.2,276.8 1 0
github.com/devrev/pairdb/api-gateway/internal/converter/http_to_grpc.go:280.104,284.23 3 0
github.com/devrev/pairdb/api-gateway/internal/converter/http_to_grpc.go:284.23,286.3 1 0
github.com/devrev/pairdb/api-gateway/internal/converter/http_to_grpc.go:288.2,290.8 1 0
github.com/devrev/pairdb/api-gateway/internal/converter/http_to_grpc.go:294.100,296.2 1 1
github.com/devrev/pairdb/api-gateway/internal/converter/http_to_grpc.go:299.50,300.21 1 1
github.com/devrev/pairdb/api-gateway/internal/converter/http_to_grpc.go:301.30,302.14 1 1
github.com/devrev/pairdb/api-gateway/internal/converter/http_to_grpc.go:303.10,304.15 1 0
github.com/devrev/pairdb/api-gateway/internal/errors/error_handler.go:62.46,66.2 1 1
github.com/devrev/pairdb/api-gateway/internal/errors/error_handler.go:69.82,75.41 4 0
github.com/devrev/pairdb/api-gateway/internal/errors/error_handler.go:75.41,77.3 1 0
github.com/devrev/pairdb/api-gateway/internal/errors/error_handler.go:79.2,81.68 2 0
github.com/devrev/pairdb/api-gateway/internal/errors/error_handler.go:85.51,86.16 1 0
github.com/devrev/pairdb/api-gateway/internal/errors/error_handler.go:86.16,88.3 1 0
github.com/devrev/pairdb/api-gateway/internal/errors/error_handler.go:90.2,91.9 2 0
github.com/devrev/pairdb/api-gateway/internal/errors/error_handler.go:91.9,93.3 1 0
github.com/devrev/pairdb/api-gateway/internal/errors/error_handler.go:95.2,95.19 1 0
github.com/devrev/pairdb/api-gateway/internal/errors/error_handler.go:96.16,97.23 1 0
github.com/devrev/pairdb/api-gateway/internal/errors/error_handler.go:98.29,99.31 1 0
github.com/devrev/pairdb/api-gateway/internal/errors/error_handler.go:100.22,101.29 1 0
github.com/devrev/pairdb/api-gateway/internal/errors/error_handler.go:102.27,103.29 1 0
github.com/devrev/pairdb/api-gateway/internal/errors/error_handler.go:104.30,105.30 1 0
github.com/devrev/pairdb/api-gateway/internal/errors/error_handler.go:106.29,107.33 1 0
github.com/devrev/pairdb/api-gateway/internal/errors/error_handler.go:108.31,109.36 1 0
github.com/devrev/pairdb/api-gateway/internal/errors/error_handler.go:110.32,111.39 1 0
github.com/devrev/pairdb/api-gateway/internal/errors/error_handler.go:112.21,113.29 1 0
github.com/devrev/pairdb/api-gateway/internal/errors/error_handler.go:114.24,115.31 1 0
github.com/devrev/pairdb/api-gateway/internal/errors/error_handler.go:116.27,117.35 1 0
github.com/devrev/pairdb/api-gateway/internal/errors/error_handler.go:118.22,119.40 1 0
github.com/devrev/pairdb/api-gateway/internal/errors/error_handler.go:120.25,121.39 1 0
github.com/devrev/pairdb/api-gateway/internal/errors/error_handler.go:122.30,123.35 1 0
github.com/devrev/pairdb/api-gateway/internal/errors/error_handler.go:124.10,125.40 1 0
github.com/devrev/pairdb/api-gateway/internal/errors/error_handler.go:130.56,131.16 1 0
github.com/devrev/pairdb/api-gateway/internal/errors/error_handler.go:131.16,133.3 1 0
github.com/devrev/pairdb/api-gateway/internal/errors/error_handler.go:135.2,136.9 2 0
github.com/devrev/pairdb/api-gateway/internal/errors/error_handler.go:136.9,138.3 1 0
github.com/devrev/pairdb/api-gateway/internal/errors/error_handler.go:141.2,143.19 2 0
github.com/devrev/pairdb/api-gateway/internal/errors/error_handler.go:144.29,145.33 1 0
github.com/devrev/pairdb/api-gateway/internal/errors/error_handler.go:146.22,148.33 1 0
github.com/devrev/pairdb/api-gateway/internal/errors/error_handler.go:148.33,150.4 1 0
github.com/devrev/pairdb/api-gateway/internal/errors/error_handler.go:151.3,151.30 1 0
github.com/devrev/pairdb/api-gateway/internal/errors/error_handler.go:151.30,153.4 1 0
github.com/devrev/pairdb/api-gateway/internal/errors/error_handler.go:154.3,154.36 1 0
github.com/devrev/pairdb/api-gateway/internal/errors/error_handler.go:154.36,156.4 1 0
github.com/devrev/pairdb/api-gateway/internal/errors/error_handler.go:157.3,157.33 1 0
github.com/devrev/pairdb/api-gateway/internal/errors/error_handler.go:158.27,159.33 1 0
github.com/devrev/pairdb/api-gateway/internal/errors/error_handler.go:159.33,161.4 1 0
github.com/devrev/pairdb/api-gateway/internal/errors/error_handler.go:162.3,162.38 1 0
github.com/devrev/pairdb/api-gateway/internal/errors/error_handler.go:162.38,164.4 1 0
github.com/devrev/pairdb/api-gateway/internal/errors/error_handler.go:165.3,165.33 1 0
github.com/devrev/pairdb/api-gateway/internal/errors/error_handler.go:166.30,167.28 1 0
github.com/devrev/pairdb/api-gateway/internal/errors/error_handler.go:168.29,169.31 1 0
github.com/devrev/pairdb/api-gateway/internal/errors/error_handler.go:170.31,171.30 1 0
github.com/devrev/pairdb/api-gateway/internal/errors/error_handler.go:172.25,173.30 1 0
github.com/devrev/pairdb/api-gateway/internal/errors/error_handler.go:174.30,175.26 1 0
github.com/devrev/pairdb/api-gateway/internal/errors/error_handler.go:176.10,177.32 1 0
github.com/devrev/pairdb/api-gateway/internal/errors/error_handler.go:182.132,200.2 5 1
github.com/devrev/pairdb/api-gateway/internal/errors/error_handler.go:203.97,205.2 1 1
github.com/devrev/pairdb/api-gateway/internal/errors/error_handler.go:208.95,210.2 1 0
github.com/devrev/pairdb/api-gateway/internal/errors/error_handler.go:213.100,215.2 1 0
github.com/devrev/pairdb/api-gateway/internal/errors/error_handler.go:218.82,220.2 1 0
github.com/devrev/pairdb/api-gateway/internal/errors/error_handler.go:223.52,225.33 2 0
github.com/devrev/pairdb/api-gateway/internal/errors/error_handler.go:225.33,226.40 1 0
github.com/devrev/pairdb/api-gateway/internal/errors/error_handler.go:226.40,228.4 1 0
github.com/devrev/pairdb/api-gateway/internal/errors/error_handler.go:230.2,230.14 1 0
github.com/devrev/pairdb/api-gateway/internal/errors/error_handler.go:234.31,236.30 2 0
github.com/devrev/pairdb/api-gateway/internal/errors/error_handler.go:236.30,238.27 2 0
github.com/devrev/pairdb/api-gateway/internal/errors/error_handler.go:238.27,240.4 1 0
github.com/devrev/pairdb/api-gateway/internal/errors/error_handler.go:241.3,241.16 1 0
github.com/devrev/pairdb/api-gateway/internal/errors/error_handler.go:243.2,243.23 1 0
github.com/devrev/pairdb/api-gateway/internal/errors/error_handler.go:247.38,248.26 1 0
github.com/devrev/pairdb/api-gateway/internal/errors/error_handler.go:248.26,250.3 1 0
github.com/devrev/pairdb/api-gateway/internal/errors/error_handler.go:251.2,251.43 1 0
github.com/devrev/pairdb/api-gateway/internal/errors/error_handler.go:251.43,252.35 1 0
github.com/devrev/pairdb/api-gateway/internal/errors/error_handler.go:252.35,254.4 1 0
github.com/devrev/pairdb/api-gateway/internal/errors/error_handler.go:256.2,256.14 1 0
github.com/devrev/pairdb/api-gateway/internal/grpc/client.go:31.83,32.29 1 0
github.com/devrev/pairdb/api-gateway/internal/grpc/client.go:32.29,34.3 1 0
github.com/devrev/pairdb/api-gateway/internal/grpc/client.go:37.2,54.16 4 0
github.com/devrev/pairdb/api-gateway/internal/grpc/client.go:54.16,56.3 1 0
github.com/devrev/pairdb/api-gateway/internal/grpc/client.go:58.2,68.15 3 0
github.com/devrev/pairdb/api-gateway/internal/grpc/client.go:72.32,73.19 1 0
github.com/devrev/pairdb/api-gateway/internal/grpc/client.go:73.19,75.3 1 0
github.com/devrev/pairdb/api-gateway/internal/grpc/client.go:76.2,76.12 1 0
github.com/devrev/pairdb/api-gateway/internal/grpc/client.go:80.58,82.2 1 0
github.com/devrev/pairdb/api-gateway/internal/grpc/client.go:85.35,89.2 3 0
github.com/devrev/pairdb/api-gateway/internal/grpc/client.go:92.43,96.2 3 0
github.com/devrev/pairdb/api-gateway/internal/grpc/client.go:99.57,102.16 2 0
github.com/devrev/pairdb/api-gateway/internal/grpc/client.go:102.16,105.3 2 0
github.com/devrev/pairdb/api-gateway/internal/grpc/client.go:106.2,107.12 2 0
github.com/devrev/pairdb/api-gateway/internal/grpc/client.go:111.79,113.59 2 0
github.com/devrev/pairdb/api-gateway/internal/grpc/client.go:113.59,114.18 1 0
github.com/devrev/pairdb/api-gateway/internal/grpc/client.go:114.18,117.11 2 0
github.com/devrev/pairdb/api-gateway/internal/grpc/client.go:118.22,119.21 1 0
github.com/devrev/pairdb/api-gateway/internal/grpc/client.go:120.31,120.31 0 0
github.com/devrev/pairdb/api-gateway/internal/grpc/client.go:124.3,125.17 2 0
github.com/devrev/pairdb/api-gateway/internal/grpc/client.go:125.17,127.4 1 0
github.com/devrev/pairdb/api-gateway/internal/grpc/client.go:129.3,132.24 2 0
github.com/devrev/pairdb/api-gateway/internal/grpc/client.go:132.24,134.4 1 0
github.com/devrev/pairdb/api-gateway/internal/grpc/client.go:136.3,139.4 1 0
github.com/devrev/pairdb/api-gateway/internal/grpc/client.go:142.2,142.16 1 0
github.com/devrev/pairdb/api-gateway/internal/grpc/client.go:146.34,147.16 1 0
github.com/devrev/pairdb/api-gateway/internal/grpc/client.go:147.16,149.3 1 0
github.com/devrev/pairdb/api-gateway/internal/grpc/client.go:151.2,152.9 2 0
github.com/devrev/pairdb/api-gateway/internal/grpc/client.go:152.9,154.3 1 0
github.com/devrev/pairdb/api-gateway/internal/grpc/client.go:156.2,156.19 1 0
github.com/devrev/pairdb/api-gateway/internal/grpc/client.go:157.89,158.14 1 0
github.com/devrev/pairdb/api-gateway/internal/grpc/client.go:159.10,160.15 1 0
github.com/devrev/pairdb/api-gateway/internal/grpc/client.go:165.118,167.39 2 0
github.com/devrev/pairdb/api-gateway/internal/grpc/client.go:167.39,171.3 3 0
github.com/devrev/pairdb/api-gateway/internal/grpc/client.go:172.2,172.18 1 0
github.com/devrev/pairdb/api-gateway/internal/grpc/client.go:176.115,178.39 2 0
github.com/devrev/pairdb/api-gateway/internal/grpc/client.go:178.39,182.3 3 0
github.com/devrev/pairdb/api-gateway/internal/grpc/client.go:183.2,183.18 1 0
github.com/devrev/pairdb/api-gateway/internal/grpc/client.go:187.115,189.39 2 0
github.com/devrev/pairdb/api-gateway/internal/grpc/client.go:189.39,193.3 3 0
github.com/devrev/pairdb/api-gateway/internal/grpc/client.go:194.2,194.18 1 0
github.com/devrev/pairdb/api-gateway/internal/grpc/client.go:198.148,200.39 2 0
github.com/devrev/pairdb/api-gateway/internal/grpc/client.go:200.39,204.3 3 0
github.com/devrev/pairdb/api-gateway/internal/grpc/client.go:205.2,205.18 1 0
github.com/devrev/pairdb/api-gateway/internal/grpc/client.go:209.106,211.39 2 0
github.com/devrev/pairdb/api-gateway/internal/grpc/client.go:211.39,215.3 3 0
github.com/devrev/pairdb/api-gateway/internal/grpc/client.go:216.2,216.18 1 0
github.com/devrev/pairdb/api-gateway/internal/grpc/client.go:220.121,222.39 2 0
github.com/devrev/pairdb/api-gateway/internal/grpc/client.go:222.39,226.3 3 0
github.com/devrev/pairdb/api-gateway/internal/grpc/client.go:227.2,227.18 1 0
github.com/devrev/pairdb/api-gateway/internal/grpc/client.go:231.130,233.39 2 0
github.com/devrev/pairdb/api-gateway/internal/grpc/client.go:233.39,237.3 3 0
github.com/devrev/pairdb/api-gateway/internal/grpc/client.go:238.2,238.18 1 0
github.com/devrev/pairdb/api-gateway/internal/grpc/client.go:242.133,244.39 2 0
github.com/devrev/pairdb/api-gateway/internal/grpc/client.go:244.39,248.3 3 0
github.com/devrev/pairdb/api-gateway/internal/grpc/client.go:249.2,249.18 1 0
github.com/devrev/pairdb/api-gateway/internal/grpc/client.go:253.127,255.39 2 0
github.com/devrev/pairdb/api-gateway/internal/grpc/client.go:255.39,259.3 3 0
github.com/devrev/pairdb/api-gateway/internal/grpc/client.go:260.2,260.18 1 0
github.com/devrev/pairdb/api-gateway/internal/handler/handlers.go:33.13,42.2 1 0
github.com/devrev/pairdb/api-gateway/internal/handler/handlers.go:45.74,50.16 3 0
github.com/devrev/pairdb/api-gateway/internal/handler/handlers.go:50.16,53.3 2 0
github.com/devrev/pairdb/api-gateway/internal/handler/handlers.go:56.2,61.16 4 0
github.com/devrev/pairdb/api-gateway/internal/handler/handlers.go:61.16,64.3 2 0
github.com/devrev/pairdb/api-gateway/internal/handler/handlers.go:67.2,67.23 1 0
github.com/devrev/pairdb/api-gateway/internal/handler/handlers.go:67.23,70.3 2 0
github.com/devrev/pairdb/api-gateway/internal/handler/handlers.go:73.2,76.49 2 0
github.com/devrev/pairdb/api-gateway/internal/handler/handlers.go:80.73,85.16 3 0
github.com/devrev/pairdb/api-gateway/internal/handler/handlers.go:85.16,88.3 2 0
github.com/devrev/pairdb/api-gateway/internal/handler/handlers.go:91.2,96.16 4 0
github.com/devrev/pairdb/api-gateway/internal/handler/handlers.go:96.16,99.3 2 0
github.com/devrev/pairdb/api-gateway/internal/handler/handlers.go:102.2,102.23 1 0
github.com/devrev/pairdb/api-gateway/internal/handler/handlers.go:102.23,105.3 2 0
github.com/devrev/pairdb/api-gateway/internal/handler/handlers.go:108.2,111.49 2 0
github.com/devrev/pairdb/api-gateway/internal/handler/handlers.go:115.73,120.16 3 0
github.com/devrev/pairdb/api-gateway/internal/handler/handlers.go:120.16,123.3 2 0
github.com/devrev/pairdb/api-gateway/internal/handler/handlers.go:126.2,131.16 4 0
github.com/devrev/pairdb/api-gateway/internal/handler/handlers.go:131.16,134.3 2 0
github.com/devrev/pairdb/api-gateway/internal/handler/handlers.go:137.2,137.23 1 0
github.com/devrev/pairdb/api-gateway/internal/handler/handlers.go:137.23,140.3 2 0
github.com/devrev/pairdb/api-gateway/internal/handler/handlers.go:143.2,146.54 2 0
github.com/devrev/pairdb/api-gateway/internal/handler/handlers.go:150.84,155.16 3 0
github.com/devrev/pairdb/api-gateway/internal/handler/handlers.go:155.16,158.3 2 0
github.com/devrev/pairdb/api-gateway/internal/handler/handlers.go:161.2,166.16 4 0
github.com/devrev/pairdb/api-gateway/internal/handler/handlers.go:166.16,169.3 2 0
github.com/devrev/pairdb/api-gateway/internal/handler/handlers.go:172.2,172.23 1 0
github.com/devrev/pairdb/api-gateway/internal/handler/handlers.go:172.23,175.3 2 0
github.com/devrev/pairdb/api-gateway/internal/handler/handlers.go:178.2,181.49 2 0
github.com/devrev/pairdb/api-gateway/internal/handler/handlers.go:185.70,190.16 3 0
github.com/devrev/pairdb/api-gateway/internal/handler/handlers.go:190.16,193.3 2 0
github.com/devrev/pairdb/api-gateway/internal/handler/handlers.go:196.2,201.16 4 0
github.com/devrev/pairdb/api-gateway/internal/handler/handlers.go:201.16,204.3 2 0
github.com/devrev/pairdb/api-gateway/internal/handler/handlers.go:207.2,207.23 1 0
github.com/devrev/pairdb/api-gateway/internal/handler/handlers.go:207.23,210.3 2 0
github.com/devrev/pairdb/api-gateway/internal/handler/handlers.go:213.2,216.49 2 0
github.com/devrev/pairdb/api-gateway/internal/handler/handlers.go:220.75,225.16 3 0
github.com/devrev/pairdb/api-gateway/internal/handler/handlers.go:225.16,228.3 2 0
github.com/devrev/pairdb/api-gateway/internal/handler/handlers.go:231.2,236.16 4 0
github.com/devrev/pairdb/api-gateway/internal/handler/handlers.go:236.16,239.3 2 0
github.com/devrev/pairdb/api-gateway/internal/handler/handlers.go:242.2,242.23 1 0
github.com/devrev/pairdb/api-gateway/internal/handler/handlers.go:242.23,245.3 2 0
github.com/devrev/pairdb/api-gateway/internal/handler/handlers.go:248.2,251.55 2 0
github.com/devrev/pairdb/api-gateway/internal/handler/handlers.go:255.78,260.16 3 0
github.com/devrev/pairdb/api-gateway/internal/handler/handlers.go:260.16,263.3 2 0
github.com/devrev/pairdb/api-gateway/internal/handler/handlers.go:266.2,271.16 4 0
github.com/devrev/pairdb/api-gateway/internal/handler/handlers.go:271.16,274.3 2 0
github.com/devrev/pairdb/api-gateway/internal/handler/handlers.go:277.2,277.23 1 0
github.com/devrev/pairdb/api-gateway/internal/handler/handlers.go:277.23,280.3 2 0
github.com/devrev/pairdb/api-gateway/internal/handler/handlers.go:283.2,286.55 2 0
github.com/devrev/pairdb/api-gateway/internal/handler/handlers.go:290.79,295.16 3 0
github.com/devrev/pairdb/api-gateway/internal/handler/handlers.go:295.16,298.3 2 0
github.com/devrev/pairdb/api-gateway/internal/handler/handlers.go:301.2,306.16 4 0
github.com/devrev/pairdb/api-gateway/internal/handler/handlers.go:306.16,309.3 2 0
github.com/devrev/pairdb/api-gateway/internal/handler/handlers.go:312.2,312.23 1 0
github.com/devrev/pairdb/api-gateway/internal/handler/handlers.go:312.23,315.3 2 0
github.com/devrev/pairdb/api-gateway/internal/handler/handlers.go:318.2,321.49 2 0
github.com/devrev/pairdb/api-gateway/internal/handler/handlers.go:325.77,330.16 3 0
github.com/devrev/pairdb/api-gateway/internal/handler/handlers.go:330.16,333.3 2 0
github.com/devrev/pairdb/api-gateway/internal/handler/handlers.go:336.2,341.16 4 0
github.com/devrev/pairdb/api-gateway/internal/handler/handlers.go:341.16,344.3 2 0
github.com/devrev/pairdb/api-gateway/internal/handler/handlers.go:347.2,347.23 1 0
github.com/devrev/pairdb/api-gateway/internal/handler/handlers.go:347.23,350.3 2 0
github.com/devrev/pairdb/api-gateway/internal/handler/handlers.go:353.2,356.49 2 0
github.com/devrev/pairdb/api-gateway/internal/handler/handlers.go:360.95,363.56 3 0
github.com/devrev/pairdb/api-gateway/internal/handler/handlers.go:363.56,365.3 1 0
github.com/devrev/pairdb/api-gateway/internal/middleware/middleware.go:25.48,26.71 1 1
github.com/devrev/pairdb/api-gateway/internal/middleware/middleware.go:26.71,28.22 2 1
github.com/devrev/pairdb/api-gateway/internal/middleware/middleware.go:28.22,30.4 1 1
github.com/devrev/pairdb/api-gateway/internal/middleware/middleware.go:33.3,42.23 5 1
github.com/devrev/pairdb/api-gateway/internal/middleware/middleware.go:47.66,48.46 1 0
github.com/devrev/pairdb/api-gateway/internal/middleware/middleware.go:48.46,49.72 1 0
github.com/devrev/pairdb/api-gateway/internal/middleware/middleware.go:49.72,75.4 8 0
github.com/devrev/pairdb/api-gateway/internal/middleware/middleware.go:80.67,81.46 1 0
github.com/devrev/pairdb/api-gateway/internal/middleware/middleware.go:81.46,82.72 1 0
github.com/devrev/pairdb/api-gateway/internal/middleware/middleware.go:82.72,83.17 1 0
github.com/devrev/pairdb/api-gateway/internal/middleware/middleware.go:83.17,84.37 1 0
github.com/devrev/pairdb/api-gateway/internal/middleware/middleware.go:84.37,95.6 5 0
github.com/devrev/pairdb/api-gateway/internal/middleware/middleware.go:98.4,98.24 1 0
github.com/devrev/pairdb/api-gateway/internal/middleware/middleware.go:104.68,105.46 1 0
github.com/devrev/pairdb/api-gateway/internal/middleware/middleware.go:105.46,106.72 1 0
github.com/devrev/pairdb/api-gateway/internal/middleware/middleware.go:106.72,111.37 3 0
github.com/devrev/pairdb/api-gateway/internal/middleware/middleware.go:111.37,112.32 1 0
github.com/devrev/pairdb/api-gateway/internal/middleware/middleware.go:112.32,114.11 2 0
github.com/devrev/pairdb/api-gateway/internal/middleware/middleware.go:118.4,118.31 1 0
github.com/devrev/pairdb/api-gateway/internal/middleware/middleware.go:118.31,123.5 4 0
github.com/devrev/pairdb/api-gateway/internal/middleware/middleware.go:126.4,126.38 1 0
github.com/devrev/pairdb/api-gateway/internal/middleware/middleware.go:126.38,129.5 2 0
github.com/devrev/pairdb/api-gateway/internal/middleware/middleware.go:131.4,131.24 1 0
github.com/devrev/pairdb/api-gateway/internal/middleware/middleware.go:143.96,148.2 1 0
github.com/devrev/pairdb/api-gateway/internal/middleware/middleware.go:151.62,152.71 1 0
github.com/devrev/pairdb/api-gateway/internal/middleware/middleware.go:152.71,153.26 1 0
github.com/devrev/pairdb/api-gateway/internal/middleware/middleware.go:153.26,166.4 7 0
github.com/devrev/pairdb/api-gateway/internal/middleware/middleware.go:168.3,168.23 1 0
github.com/devrev/pairdb/api-gateway/internal/middleware/middleware.go:173.50,174.71 1 0
github.com/devrev/pairdb/api-gateway/internal/middleware/middleware.go:174.71,177.3 2 0
github.com/devrev/pairdb/api-gateway/internal/middleware/middleware.go:181.69,182.46 1 0
github.com/devrev/pairdb/api-gateway/internal/middleware/middleware.go:182.46,183.72 1 0
github.com/devrev/pairdb/api-gateway/internal/middleware/middleware.go:183.72,189.4 4 0
github.com/devrev/pairdb/api-gateway/internal/middleware/middleware.go:200.49,203.2 2 0
github.com/devrev/pairdb/api-gateway/internal/middleware/middleware.go:206.92,207.47 1 0
github.com/devrev/pairdb/api-gateway/internal/middleware/middleware.go:207.47,208.46 1 0
github.com/devrev/pairdb/api-gateway/internal/middleware/middleware.go:208.46,210.4 1 0
github.com/devrev/pairdb/api-gateway/internal/middleware/middleware.go:211.3,211.15 1 0
github.com/devrev/pairdb/api-gateway/internal/config/config.go:64.47,71.22 3 1
github.com/devrev/pairdb/api-gateway/internal/config/config.go:71.22,73.3 1 0
github.com/devrev/pairdb/api-gateway/internal/config/config.go:73.8,78.3 4 1
github.com/devrev/pairdb/api-gateway/internal/config/config.go:81.2,86.41 4 1
github.com/devrev/pairdb/api-gateway/internal/config/config.go:86.41,87.56 1 1
github.com/devrev/pairdb/api-gateway/internal/config/config.go:87.56,89.4 1 0
github.com/devrev/pairdb/api-gateway/internal/config/config.go:92.2,93.42 2 1
github.com/devrev/pairdb/api-gateway/internal/config/config.go:93.42,95.3 1 0
github.com/devrev/pairdb/api-gateway/internal/config/config.go:98.2,98.39 1 1
github.com/devrev/pairdb/api-gateway/internal/config/config.go:98.39,100.3 1 0
github.com/devrev/pairdb/api-gateway/internal/config/config.go:102.2,102.18 1 1
github.com/devrev/pairdb/api-gateway/internal/config/config.go:106.34,138.2 22 1
github.com/devrev/pairdb/api-gateway/internal/config/config.go:141.35,142.49 1 1
github.com/devrev/pairdb/api-gateway/internal/config/config.go:142.49,144.3 1 1
github.com/devrev/pairdb/api-gateway/internal/config/config.go:146.2,146.39 1 1
github.com/devrev/pairdb/api-gateway/internal/config/config.go:146.39,148.3 1 1
github.com/devrev/pairdb/api-gateway/internal/config/config.go:150.2,150.32 1 1
github.com/devrev/pairdb/api-gateway/internal/config/config.go:150.32,152.3 1 1
github.com/devrev/pairdb/api-gateway/internal/config/config.go:154.2,154.27 1 1
github.com/devrev/pairdb/api-gateway/internal/config/config.go:154.27,155.43 1 1
github.com/devrev/pairdb/api-gateway/internal/config/config.go:155.43,157.4 1 1
github.com/devrev/pairdb/api-gateway/internal/config/config.go:158.3,158.35 1 1
github.com/devrev/pairdb/api-gateway/internal/config/config.go:158.35,160.4 1 0
github.com/devrev/pairdb/api-gateway/internal/config/config.go:163.2,163.23 1 1
github.com/devrev/pairdb/api-gateway/internal/config/config.go:163.23,164.52 1 1
github.com/devrev/pairdb/api-gateway/internal/config/config.go:164.52,166.4 1 1
github.com/devrev/pairdb/api-gateway/internal/config/config.go:169.2,169.12 1 1
github.com/devrev/pairdb/api-gateway/internal/converter/grpc_to_http.go:12.34,14.2 1 1
github.com/devrev/pairdb/api-gateway/internal/converter/grpc_to_http.go:117.103,127.2 1 1
github.com/devrev/pairdb/api-gateway/internal/converter/grpc_to_http.go:130.100,137.2 1 1
github.com/devrev/pairdb/api-gateway/internal/converter/grpc_to_http.go:140.100,147.2 1 1
github.com/devrev/pairdb/api-gateway/internal/converter/grpc_to_http.go:150.133,159.2 1 1
github.com/devrev/pairdb/api-gateway/internal/converter/grpc_to_http.go:162.91,170.2 1 1
github.com/devrev/pairdb/api-gateway/internal/converter/grpc_to_http.go:173.106,181.2 1 1
github.com/devrev/pairdb/api-gateway/internal/converter/grpc_to_http.go:184.115,192.2 1 1
github.com/devrev/pairdb/api-gateway/internal/converter/grpc_to_http.go:195.118,206.26 2 1
github.com/devrev/pairdb/api-gateway/internal/converter/grpc_to_http.go:206.26,212.3 1 1
github.com/devrev/pairdb/api-gateway/internal/converter/grpc_to_http.go:214.2,214.17 1 1
github.com/devrev/pairdb/api-gateway/internal/converter/grpc_to_http.go:218.112,220.34 2 1
github.com/devrev/pairdb/api-gateway/internal/converter/grpc_to_http.go:220.34,230.3 1 1
github.com/devrev/pairdb/api-gateway/internal/converter/grpc_to_http.go:232.2,235.3 1 1
github.com/devrev/pairdb/api-gateway/internal/converter/grpc_to_http.go:239.37,240.13 1 1
github.com/devrev/pairdb/api-gateway/internal/converter/grpc_to_http.go:240.13,242.3 1 1
github.com/devrev/pairdb/api-gateway/internal/converter/grpc_to_http.go:243.2,243.16 1 1
github.com/devrev/pairdb/api-gateway/internal/converter/grpc_to_http.go:247.62,248.39 1 1
github.com/devrev/pairdb/api-gateway/internal/converter/grpc_to_http.go:248.39,250.3 1 1
github.com/devrev/pairdb/api-gateway/internal/converter/grpc_to_http.go:252.2,253.35 2 1
github.com/devrev/pairdb/api-gateway/internal/converter/grpc_to_http.go:253.35,255.3 1 1
github.com/devrev/pairdb/api-gateway/internal/converter/grpc_to_http.go:256.2,256.15 1 1
github.com/devrev/pairdb/api-gateway/internal/converter/http_to_grpc.go:19.34,21.2 1 1
github.com/devrev/pairdb/api-gateway/internal/converter/http_to_grpc.go:63.94,65.16 2 1
github.com/devrev/pairdb/api-gateway/internal/converter/http_to_grpc.go:65.16,67.3 1 0
github.com/devrev/pairdb/api-gateway/internal/converter/http_to_grpc.go:68.2,71.55 3 1
github.com/devrev/pairdb/api-gateway/internal/converter/http_to_grpc.go:71.55,73.3 1 1
github.com/devrev/pairdb/api-gateway/internal/converter/http_to_grpc.go:75.2,75.23 1 1
github.com/devrev/pairdb/api-gateway/internal/converter/http_to_grpc.go:75.23,77.3 1 1
github.com/devrev/pairdb/api-gateway/internal/converter/http_to_grpc.go:79.2,79.28 1 1
github.com/devrev/pairdb/api-gateway/internal/converter/http_to_grpc.go:79.28,81.3 1 1
github.com/devrev/pairdb/api-gateway/internal/converter/http_to_grpc.go:84.2,88.23 3 1
github.com/devrev/pairdb/api-gateway/internal/converter/http_to_grpc.go:88.23,90.3 1 1
github.com/devrev/pairdb/api-gateway/internal/converter/http_to_grpc.go:93.2,93.38 1 1
github.com/devrev/pairdb/api-gateway/internal/converter/http_to_grpc.go:93.38,95.3 1 1
github.com/devrev/pairdb/api-gateway/internal/converter/http_to_grpc.go:97.2,103.8 1 1
github.com/devrev/pairdb/api-gateway/internal/converter/http_to_grpc.go:107.92,111.15 3 1
github.com/devrev/pairdb/api-gateway/internal/converter/http_to_grpc.go:111.15,113.3 1 1
github.com/devrev/pairdb/api-gateway/internal/converter/http_to_grpc.go:115.2,116.20 2 1
github.com/devrev/pairdb/api-gateway/internal/converter/http_to_grpc.go:116.20,118.3 1 1
github.com/devrev/pairdb/api-gateway/internal/converter/http_to_grpc.go:121.2,122.23 2 1
github.com/devrev/pairdb/api-gateway/internal/converter/http_to_grpc.go:122.23,124.3 1 1
github.com/devrev/pairdb/api-gateway/internal/converter/http_to_grpc.go:127.2,127.38 1 1
github.com/devrev/pairdb/api-gateway/internal/converter/http_to_grpc.go:127.38,129.3 1 1
github.com/devrev/pairdb/api-gateway/internal/converter/http_to_grpc.go:131.2,135.8 1 1
github.com/devrev/pairdb/api-gateway/internal/converter/http_to_grpc.go:139.92,141.16 2 1
github.com/devrev/pairdb/api-gateway/internal/converter/http_to_grpc.go:141.16,143.3 1 0
github.com/devrev/pairdb/api-gateway/internal/converter/http_to_grpc.go:144.2,147.55 3 1
github.com/devrev/pairdb/api-gateway/internal/converter/http_to_grpc.go:147.55,149.3 1 0
github.com/devrev/pairdb/api-gateway/internal/converter/http_to_grpc.go:151.2,151.28 1 1
github.com/devrev/pairdb/api-gateway/internal/converter/http_to_grpc.go:151.28,153.3 1 1
github.com/devrev/pairdb/api-gateway/internal/converter/http_to_grpc.go:156.2,157.28 2 1
github.com/devrev/pairdb/api-gateway/internal/converter/http_to_grpc.go:157.28,159.3 1 1
github.com/devrev/pairdb/api-gateway/internal/converter/http_to_grpc.go:161.2,161.27 1 1
github.com/devrev/pairdb/api-gateway/internal/converter/http_to_grpc.go:161.27,163.3 1 1
github.com/devrev/pairdb/api-gateway/internal/converter/http_to_grpc.go:165.2,168.8 1 1
github.com/devrev/pairdb/api-gateway/internal/converter/http_to_grpc.go:172.114,176.20 3 1
github.com/devrev/pairdb/api-gateway/internal/converter/http_to_grpc.go:176.20,178.3 1 0
github.com/devrev/pairdb/api-gateway/internal/converter/http_to_grpc.go:180.2,181.16 2 1
github.com/devrev/pairdb/api-gateway/internal/converter/http_to_grpc.go:181.16,183.3 1 0
github.com/devrev/pairdb/api-gateway/internal/converter/http_to_grpc.go:184.2,187.55 3 1
github.com/devrev/pairdb/api-gateway/internal/converter/http_to_grpc.go:187.55,189.3 1 0
github.com/devrev/pairdb/api-gateway/internal/converter/http_to_grpc.go:191.2,191.35 1 1
github.com/devrev/pairdb/api-gateway/internal/converter/http_to_grpc.go:191.35,193.3 1 1
github.com/devrev/pairdb/api-gateway/internal/converter/http_to_grpc.go:195.2,198.8 1 1
github.com/devrev/pairdb/api-gateway/internal/converter/http_to_grpc.go:202.86,206.20 3 1
github.com/devrev/pairdb/api-gateway/internal/converter/http_to_grpc.go:206.20,208.3 1 1
github.com/devrev/pairdb/api-gateway/internal/converter/http_to_grpc.go:210.2,212.8 1 1
github.com/devrev/pairdb/api-gateway/internal/converter/http_to_grpc.go:216.96,218.16 2 1
github.com/devrev/pairdb/api-gateway/internal/converter/http_to_grpc.go:218.16,220.3 1 0
github.com/devrev/pairdb/api-gateway/internal/converter/http_to_grpc.go:221.2,224.55 3 1
github.com/devrev/pairdb/api-gateway/internal/converter/http_to_grpc.go:224.55,226.3 1 0
github.com/devrev/pairdb/api-gateway/internal/converter/http_to_grpc.go:228.2,228.26 1 1
github.com/devrev/pairdb/api-gateway/internal/converter/http_to_grpc.go:228.26,230.3 1 1
github.com/devrev/pairdb/api-gateway/internal/converter/http_to_grpc.go:232.2,232.24 1 1
github.com/devrev/pairdb/api-gateway/internal/converter/http_to_grpc.go:232.24,234.3 1 1
github.com/devrev/pairdb/api-gateway/internal/converter/http_to_grpc.go:236.2,236.47 1 1
github.com/devrev/pairdb/api-gateway/internal/converter/http_to_grpc.go:236.47,238.3 1 1
github.com/devrev/pairdb/api-gateway/internal/converter/http_to_grpc.go:241.2,242.23 2 1
github.com/devrev/pairdb/api-gateway/internal/converter/http_to_grpc.go:242.23,244.3 1 1
github.com/devrev/pairdb/api-gateway/internal/converter/http_to_grpc.go:246.2,251.8 1 1
github.com/devrev/pairdb/api-gateway/internal/converter/http_to_grpc.go:255.102,259.18 3 1
github.com/devrev/pairdb/api-gateway/internal/converter/http_to_grpc.go:259.18,261.3 1 1
github.com/devrev/pairdb/api-gateway/internal/converter/http_to_grpc.go:264.2,265.60 2 1
github.com/devrev/pairdb/api-gateway/internal/converter/http_to_grpc.go:265.60,268.17 3 1
github.com/devrev/pairdb/api-gateway/internal/converter/http_to_grpc.go:268.17,270.4 1 0
github.com/devrev/pairdb/api-gateway/internal/converter/http_to_grpc.go:273.2,276.8 1 1
github.com/devrev/pairdb/api-gateway/internal/converter/http_to_grpc.go:280.104,284.23 3 1
github.com/devrev/pairdb/api-gateway/internal/converter/http_to_grpc.go:284.23,286.3 1 1
github.com/devrev/pairdb/api-gateway/internal/converter/http_to_grpc.go:288.2,290.8 1 1
github.com/devrev/pairdb/api-gateway/internal/converter/http_to_grpc.go:294.100,296.2 1 1
github.com/devrev/pairdb/api-gateway/internal/converter/http_to_grpc.go:299.50,300.21 1 1
github.com/devrev/pairdb/api-gateway/internal/converter/http_to_grpc.go:301.30,302.14 1 1
github.com/devrev/pairdb/api-gateway/internal/converter/http_to_grpc.go:303.10,304.15 1 1
github.com/devrev/pairdb/api-gateway/internal/errors/error_handler.go:62.46,66.2 1 1
github.com/devrev/pairdb/api-gateway/internal/errors/error_handler.go:69.82,75.41 4 1
github.com/devrev/pairdb/api-gateway/internal/errors/error_handler.go:75.41,77.3 1 1
github.com/devrev/pairdb/api-gateway/internal/errors/error_handler.go:79.2,81.68 2 1
github.com/devrev/pairdb/api-gateway/internal/errors/error_handler.go:85.51,86.16 1 1
github.com/devrev/pairdb/api-gateway/internal/errors/error_handler.go:86.16,88.3 1 1
github.com/devrev/pairdb/api-gateway/internal/errors/error_handler.go:90.2,91.9 2 1
github.com/devrev/pairdb/api-gateway/internal/errors/error_handler.go:91.9,93.3 1 0
github.com/devrev/pairdb/api-gateway/internal/errors/error_handler.go:95.2,95.19 1 1
github.com/devrev/pairdb/api-gateway/internal/errors/error_handler.go:96.16,97.23 1 0
github.com/devrev/pairdb/api-gateway/internal/errors/error_handler.go:98.29,99.31 1 1
github.com/devrev/pairdb/api-gateway/internal/errors/error_handler.go:100.22,101.29 1 1
github.com/devrev/pairdb/api-gateway/internal/errors/error_handler.go:102.27,103.29 1 1
github.com/devrev/pairdb/api-gateway/internal/errors/error_handler.go:104.30,105.30 1 1
github.com/devrev/pairdb/api-gateway/internal/errors/error_handler.go:106.29,107.33 1 1
github.com/devrev/pairdb/api-gateway/internal/errors/error_handler.go:108.31,109.36 1 1
github.com/devrev/pairdb/api-gateway/internal/errors/error_handler.go:110.32,111.39 1 1
github.com/devrev/pairdb/api-gateway/internal/errors/error_handler.go:112.21,113.29 1 1
github.com/devrev/pairdb/api-gateway/internal/errors/error_handler.go:114.24,115.31 1 1
github.com/devrev/pairdb/api-gateway/internal/errors/error_handler.go:116.27,117.35 1 1
github.com/devrev/pairdb/api-gateway/internal/errors/error_handler.go:118.22,119.40 1 1
github.com/devrev/pairdb/api-gateway/internal/errors/error_handler.go:120.25,121.39 1 1
github.com/devrev/pairdb/api-gateway/internal/errors/error_handler.go:122.30,123.35 1 1
github.com/devrev/pairdb/api-gateway/internal/errors/error_handler.go:124.10,125.40 1 1
github.com/devrev/pairdb/api-gateway/internal/errors/error_handler.go:130.56,131.16 1 1
github.com/devrev/pairdb/api-gateway/internal/errors/error_handler.go:131.16,133.3 1 1
github.com/devrev/pairdb/api-gateway/internal/errors/error_handler.go:135.2,136.9 2 1
github.com/devrev/pairdb/api-gateway/internal/errors/error_handler.go:136.9,138.3 1 0
github.com/devrev/pairdb/api-gateway/internal/errors/error_handler.go:141.2,143.19 2 1
github.com/devrev/pairdb/api-gateway/internal/errors/error_handler.go:144.29,145.33 1 1
github.com/devrev/pairdb/api-gateway/internal/errors/error_handler.go:146.22,148.33 1 1
github.com/devrev/pairdb/api-gateway/internal/errors/error_handler.go:148.33,150.4 1 1
github.com/devrev/pairdb/api-gateway/internal/errors/error_handler.go:151.3,151.30 1 1
github.com/devrev/pairdb/api-gateway/internal/errors/error_handler.go:151.30,153.4 1 1
github.com/devrev/pairdb/api-gateway/internal/errors/error_handler.go:154.3,154.36 1 1
github.com/devrev/pairdb/api-gateway/internal/errors/error_handler.go:154.36,156.4 1 1
github.com/devrev/pairdb/api-gateway/internal/errors/error_handler.go:157.3,157.33 1 0
github.com/devrev/pairdb/api-gateway/internal/errors/error_handler.go:158.27,159.33 1 1
github.com/devrev/pairdb/api-gateway/internal/errors/error_handler.go:159.33,161.4 1 1
github.com/devrev/pairdb/api-gateway/internal/errors/error_handler.go:162.3,162.38 1 1
github.com/devrev/pairdb/api-gateway/internal/errors/error_handler.go:162.38,164.4 1 1
github.com/devrev/pairdb/api-gateway/internal/errors/error_handler.go:165.3,165.33 1 0
github.com/devrev/pairdb/api-gateway/internal/errors/error_handler.go:166.30,167.28 1 1
github.com/devrev/pairdb/api-gateway/internal/errors/error_handler.go:168.29,169.31 1 1
github.com/devrev/pairdb/api-gateway/internal/errors/error_handler.go:170.31,171.30 1 1
github.com/devrev/pairdb/api-gateway/internal/errors/error_handler.go:172.25,173.30 1 1
github.com/devrev/pairdb/api-gateway/internal/errors/error_handler.go:174.30,175.26 1 1
github.com/devrev/pairdb/api-gateway/internal/errors/error_handler.go:176.10,177.32 1 1
github.com/devrev/pairdb/api-gateway/internal/errors/error_handler.go:182.132,200.2 5 1
github.com/devrev/pairdb/api-gateway/internal/errors/error_handler.go:203.97,205.2 1 1
github.com/devrev/pairdb/api-gateway/internal/errors/error_handler.go:208.95,210.2 1 1
github.com/devrev/pairdb/api-gateway/internal/errors/error_handler.go:213.100,215.2 1 1
github.com/devrev/pairdb/api-gateway/internal/errors/error_handler.go:218.82,220.2 1 1
github.com/devrev/pairdb/api-gateway/internal/errors/error_handler.go:223.52,225.33 2 1
github.com/devrev/pairdb/api-gateway/internal/errors/error_handler.go:225.33,226.40 1 1
github.com/devrev/pairdb/api-gateway/internal/errors/error_handler.go:226.40,228.4 1 1
github.com/devrev/pairdb/api-gateway/internal/errors/error_handler.go:230.2,230.14 1 1
github.com/devrev/pairdb/api-gateway/internal/errors/error_handler.go:234.31,236.30 2 1
github.com/devrev/pairdb/api-gateway/internal/errors/error_handler.go:236.30,238.27 2 1
github.com/devrev/pairdb/api-gateway/internal/errors/error_handler.go:238.27,240.4 1 0
github.com/devrev/pairdb/api-gateway/internal/errors/error_handler.go:241.3,241.16 1 1
github.com/devrev/pairdb/api-gateway/internal/errors/error_handler.go:243.2,243.23 1 1
github.com/devrev/pairdb/api-gateway/internal/errors/error_handler.go:247.38,248.26 1 1
github.com/devrev/pairdb/api-gateway/internal/errors/error_handler.go:248.26,250.3 1 0
github.com/devrev/pairdb/api-gateway/internal/errors/error_handler.go:251.2,251.43 1 1
github.com/devrev/pairdb/api-gateway/internal/errors/error_handler.go:251.43,252.35 1 1
github.com/devrev/pairdb/api-gateway/internal/errors/error_handler.go:252.35,254.4 1 1
github.com/devrev/pairdb/api-gateway/internal/errors/error_handler.go:256.2,256.14 1 1
github.com/devrev/pairdb/api-gateway/internal/grpc/client.go:31.83,32.29 1 1
github.com/devrev/pairdb/api-gateway/internal/grpc/client.go:32.29,34.3 1 1
github.com/devrev/pairdb/api-gateway/internal/grpc/client.go:37.2,54.16 4 1
github.com/devrev/pairdb/api-gateway/internal/grpc/client.go:54.16,56.3 1 0
github.com/devrev/pairdb/api-gateway/internal/grpc/client.go:58.2,68.15 3 1
github.com/devrev/pairdb/api-gateway/internal/grpc/client.go:72.32,73.19 1 1
github.com/devrev/pairdb/api-gateway/internal/grpc/client.go:73.19,75.3 1 1
github.com/devrev/pairdb/api-gateway/internal/grpc/client.go:76.2,76.12 1 0
github.com/devrev/pairdb/api-gateway/internal/grpc/client.go:80.58,82.2 1 1
github.com/devrev/pairdb/api-gateway/internal/grpc/client.go:85.35,89.2 3 1
github.com/devrev/pairdb/api-gateway/internal/grpc/client.go:92.43,96.2 3 0
github.com/devrev/pairdb/api-gateway/internal/grpc/client.go:99.57,102.16 2 0
github.com/devrev/pairdb/api-gateway/internal/grpc/client.go:102.16,105.3 2 0
github.com/devrev/pairdb/api-gateway/internal/grpc/client.go:106.2,107.12 2 0
github.com/devrev/pairdb/api-gateway/internal/grpc/client.go:111.79,113.59 2 1
github.com/devrev/pairdb/api-gateway/internal/grpc/client.go:113.59,114.18 1 1
github.com/devrev/pairdb/api-gateway/internal/grpc/client.go:114.18,117.11 2 1
github.com/devrev/pairdb/api-gateway/internal/grpc/client.go:118.22,119.21 1 0
github.com/devrev/pairdb/api-gateway/internal/grpc/client.go:120.31,120.31 0 1
github.com/devrev/pairdb/api-gateway/internal/grpc/client.go:124.3,125.17 2 1
github.com/devrev/pairdb/api-gateway/internal/grpc/client.go:125.17,127.4 1 0
github.com/devrev/pairdb/api-gateway/internal/grpc/client.go:129.3,132.24 2 1
github.com/devrev/pairdb/api-gateway/internal/grpc/client.go:132.24,134.4 1 0
github.com/devrev/pairdb/api-gateway/internal/grpc/client.go:136.3,139.4 1 1
github.com/devrev/pairdb/api-gateway/internal/grpc/client.go:142.2,142.16 1 1
github.com/devrev/pairdb/api-gateway/internal/grpc/client.go:146.34,147.16 1 1
github.com/devrev/pairdb/api-gateway/internal/grpc/client.go:147.16,149.3 1 0
github.com/devrev/pairdb/api-gateway/internal/grpc/client.go:151.2,152.9 2 1
github.com/devrev/pairdb/api-gateway/internal/grpc/client.go:152.9,154.3 1 0
github.com/devrev/pairdb/api-gateway/internal/grpc/client.go:156.2,156.19 1 1
github.com/devrev/pairdb/api-gateway/internal/grpc/client.go:157.89,158.14 1 1
github.com/devrev/pairdb/api-gateway/internal/grpc/client.go:159.10,160.15 1 0
github.com/devrev/pairdb/api-gateway/internal/grpc/client.go:165.118,167.39 2 0
github.com/devrev/pairdb/api-gateway/internal/grpc/client.go:167.39,171.3 3 0
github.com/devrev/pairdb/api-gateway/internal/grpc/client.go:172.2,172.18 1 0
github.com/devrev/pairdb/api-gateway/internal/grpc/client.go:176.115,178.39 2 0
github.com/devrev/pairdb/api-gateway/internal/grpc/client.go:178.39,182.3 3 0
github.com/devrev/pairdb/api-gateway/internal/grpc/client.go:183.2,183.18 1 0
github.com/devrev/pairdb/api-gateway/internal/grpc/client.go:187.115,189.39 2 0
github.com/devrev/pairdb/api-gateway/internal/grpc/client.go:189.39,193.3 3 0
github.com/devrev/pairdb/api-gateway/internal/grpc/client.go:194.2,194.18 1 0
github.com/devrev/pairdb/api-gateway/internal/grpc/client.go:198.148,200.39 2 0
github.com/devrev/pairdb/api-gateway/internal/grpc/client.go:200.39,204.3 3 0
github.com/devrev/pairdb/api-gateway/internal/grpc/client.go:205.2,205.18 1 0
github.com/devrev/pairdb/api-gateway/internal/grpc/client.go:209.106,211.39 2 0
github.com/devrev/pairdb/api-gateway/internal/grpc/client.go:211.39,215.3 3 0
github.com/devrev/pairdb/api-gateway/internal/grpc/client.go:216.2,216.18 1 0
github.com/devrev/pairdb/api-gateway/internal/grpc/client.go:220.121,222.39 2 0
github.com/devrev/pairdb/api-gateway/internal/grpc/client.go:222.39,226.3 3 0
github.com/devrev/pairdb/api-gateway/internal/grpc/client.go:227.2,227.18 1 0
github.com/devrev/pairdb/api-gateway/internal/grpc/client.go:231.130,233.39 2 0
github.com/devrev/pairdb/api-gateway/internal/grpc/client.go:233.39,237.3 3 0
github.com/devrev/pairdb/api-gateway/internal/grpc/client.go:238.2,238.18 1 0
github.com/devrev/pairdb/api-gateway/internal/grpc/client.go:242.133,244.39 2 0
github.com/devrev/pairdb/api-gateway/internal/grpc/client.go:244.39,248.3 3 0
github.com/devrev/pairdb/api-gateway/internal/grpc/client.go:249.2,249.18 1 0
github.com/devrev/pairdb/api-gateway/internal/grpc/client.go:253.127,255.39 2 1
github.com/devrev/pairdb/api-gateway/internal/grpc/client.go:255.39,259.3 3 1
github.com/devrev/pairdb/api-gateway/internal/grpc/client.go:260.2,260.18 1 1
github.com/devrev/pairdb/api-gateway/internal/handler/handlers.go:33.13,42.2 1 1
github.com/devrev/pairdb/api-gateway/internal/handler/handlers.go:45.74,50.16 3 1
github.com/devrev/pairdb/api-gateway/internal/handler/handlers.go:50.16,53.3 2 1
github.com/devrev/pairdb/api-gateway/internal/handler/handlers.go:56.2,61.16 4 0
github.com/devrev/pairdb/api-gateway/internal/handler/handlers.go:61.16,64.3 2 0
github.com/devrev/pairdb/api-gateway/internal/handler/handlers.go:67.2,67.23 1 0
github.com/devrev/pairdb/api-gateway/internal/handler/handlers.go:67.23,70.3 2 0
github.com/devrev/pairdb/api-gateway/internal/handler/handlers.go:73.2,76.49 2 0
github.com/devrev/pairdb/api-gateway/internal/handler/handlers.go:80.73,85.16 3 1
github.com/devrev/pairdb/api-gateway/internal/handler/handlers.go:85.16,88.3 2 1
github.com/devrev/pairdb/api-gateway/internal/handler/handlers.go:91.2,96.16 4 0
github.com/devrev/pairdb/api-gateway/internal/handler/handlers.go:96.16,99.3 2 0
github.com/devrev/pairdb/api-gateway/internal/handler/handlers.go:102.2,102.23 1 0
github.com/devrev/pairdb/api-gateway/internal/handler/handlers.go:102.23,105.3 2 0
github.com/devrev/pairdb/api-gateway/internal/handler/handlers.go:108.2,111.49 2 0
github.com/devrev/pairdb/api-gateway/internal/handler/handlers.go:115.73,120.16 3 1
github.com/devrev/pairdb/api-gateway/internal/handler/handlers.go:120.16,123.3 2 1
github.com/devrev/pairdb/api-gateway/internal/handler/handlers.go:126.2,131.16 4 0
github.com/devrev/pairdb/api-gateway/internal/handler/handlers.go:131.16,134.3 2 0
github.com/devrev/pairdb/api-gateway/internal/handler/handlers.go:137.2,137.23 1 0
github.com/devrev/pairdb/api-gateway/internal/handler/handlers.go:137.23,140.3 2 0
github.com/devrev/pairdb/api-gateway/internal/handler/handlers.go:143.2,146.54 2 0
github.com/devrev/pairdb/api-gateway/internal/handler/handlers.go:150.84,155.16 3 1
github.com/devrev/pairdb/api-gateway/internal/handler/handlers.go:155.16,158.3 2 1
github.com/devrev/pairdb/api-gateway/internal/handler/handlers.go:161.2,166.16 4 0
github.com/devrev/pairdb/api-gateway/internal/handler/handlers.go:166.16,169.3 2 0
github.com/devrev/pairdb/api-gateway/internal/handler/handlers.go:172.2,172.23 1 0
github.com/devrev/pairdb/api-gateway/internal/handler/handlers.go:172.23,175.3 2 0
github.com/devrev/pairdb/api-gateway/internal/handler/handlers.go:178.2,181.49 2 0
github.com/devrev/pairdb/api-gateway/internal/handler/handlers.go:185.70,190.16 3 1
github.com/devrev/pairdb/api-gateway/internal/handler/handlers.go:190.16,193.3 2 1
github.com/devrev/pairdb/api-gateway/internal/handler/handlers.go:196.2,201.16 4 0
github.com/devrev/pairdb/api-gateway/internal/handler/handlers.go:201.16,204.3 2 0
github.com/devrev/pairdb/api-gateway/internal/handler/handlers.go:207.2,207.23 1 0
github.com/devrev/pairdb/api-gateway/internal/handler/handlers.go:207.23,210.3 2 0
github.com/devrev/pairdb/api-gateway/internal/handler/handlers.go:213.2,216.49 2 0
github.com/devrev/pairdb/api-gateway/internal/handler/handlers.go:220.75,225.16 3 1
github.com/devrev/pairdb/api-gateway/internal/handler/handlers.go:225.16,228.3 2 1
github.com/devrev/pairdb/api-gateway/internal/handler/handlers.go:231.2,236.16 4 0
github.com/devrev/pairdb/api-gateway/internal/handler/handlers.go:236.16,239.3 2 0
github.com/devrev/pairdb/api-gateway/internal/handler/handlers.go:242.2,242.23 1 0
github.com/devrev/pairdb/api-gateway/internal/handler/handlers.go:242.23,245.3 2 0
github.com/devrev/pairdb/api-gateway/internal/handler/handlers.go:248.2,251.55 2 0
github.com/devrev/pairdb/api-gateway/internal/handler/handlers.go:255.78,260.16 3 1
github.com/devrev/pairdb/api-gateway/internal/handler/handlers.go:260.16,263.3 2 1
github.com/devrev/pairdb/api-gateway/internal/handler/handlers.go:266.2,271.16 4 0
github.com/devrev/pairdb/api-gateway/internal/handler/handlers.go:271.16,274.3 2 0
github.com/devrev/pairdb/api-gateway/internal/handler/handlers.go:277.2,277.23 1 0
github.com/devrev/pairdb/api-gateway/internal/handler/handlers.go:277.23,280.3 2 0
github.com/devrev/pairdb/api-gateway/internal/handler/handlers.go:283.2,286.55 2 0
github.com/devrev/pairdb/api-gateway/internal/handler/handlers.go:290.79,295.16 3 1
github.com/devrev/pairdb/api-gateway/internal/handler/handlers.go:295.16,298.3 2 1
github.com/devrev/pairdb/api-gateway/internal/handler/handlers.go:301.2,306.16 4 0
github.com/devrev/pairdb/api-gateway/internal/handler/handlers.go:306.16,309.3 2 0
github.com/devrev/pairdb/api-gateway/internal/handler/handlers.go:312.2,312.23 1 0
github.com/devrev/pairdb/api-gateway/internal/handler/handlers.go:312.23,315.3 2 0
github.com/devrev/pairdb/api-gateway/internal/handler/handlers.go:318.2,321.49 2 0
github.com/devrev/pairdb/api-gateway/internal/handler/handlers.go:325.77,330.16 3 1
github.com/devrev/pairdb/api-gateway/internal/handler/handlers.go:330.16,333.3 2 0
github.com/devrev/pairdb/api-gateway/internal/handler/handlers.go:336.2,341.16 4 1
github.com/devrev/pairdb/api-gateway/internal/handler/handlers.go:341.16,344.3 2 1
github.com/devrev/pairdb/api-gateway/internal/handler/handlers.go:347.2,347.23 1 0
github.com/devrev/pairdb/api-gateway/internal/handler/handlers.go:347.23,350.3 2 0
github.com/devrev/pairdb/api-gateway/internal/handler/handlers.go:353.2,356.49 2 0
github.com/devrev/pairdb/api-gateway/internal/handler/handlers.go:360.95,363.56 3 0
github.com/devrev/pairdb/api-gateway/internal/handler/handlers.go:363.56,365.3 1 0
github.com/devrev/pairdb/api-gateway/internal/health/health.go:26.79,38.2 3 1
github.com/devrev/pairdb/api-gateway/internal/health/health.go:54.80,62.2 4 1
github.com/devrev/pairdb/api-gateway/internal/health/health.go:66.81,73.13 5 0
github.com/devrev/pairdb/api-gateway/internal/health/health.go:73.13,83.3 4 0
github.com/devrev/pairdb/api-gateway/internal/health/health.go:86.2,90.16 4 0
github.com/devrev/pairdb/api-gateway/internal/health/health.go:90.16,101.3 4 0
github.com/devrev/pairdb/api-gateway/internal/health/health.go:104.2,116.33 7 0
github.com/devrev/pairdb/api-gateway/internal/health/health.go:120.42,124.21 3 1
github.com/devrev/pairdb/api-gateway/internal/health/health.go:124.21,130.17 5 0
github.com/devrev/pairdb/api-gateway/internal/health/health.go:130.17,133.4 2 0
github.com/devrev/pairdb/api-gateway/internal/health/health.go:133.9,135.4 1 0
github.com/devrev/pairdb/api-gateway/internal/health/health.go:136.3,137.17 2 0
github.com/devrev/pairdb/api-gateway/internal/health/health.go:142.39,146.2 3 1
github.com/devrev/pairdb/api-gateway/internal/health/health.go:149.45,153.2 3 1
github.com/devrev/pairdb/api-gateway/internal/metrics/prometheus.go:32.28,33.26 1 1
github.com/devrev/pairdb/api-gateway/internal/metrics/prometheus.go:33.26,35.3 1 1
github.com/devrev/pairdb/api-gateway/internal/metrics/prometheus.go:37.2,97.22 2 1
github.com/devrev/pairdb/api-gateway/internal/metrics/prometheus.go:101.98,105.2 3 1
github.com/devrev/pairdb/api-gateway/internal/metrics/prometheus.go:108.69,110.2 1 1
github.com/devrev/pairdb/api-gateway/internal/metrics/prometheus.go:113.41,115.2 1 1
github.com/devrev/pairdb/api-gateway/internal/metrics/prometheus.go:118.41,120.2 1 1
github.com/devrev/pairdb/api-gateway/internal/metrics/prometheus.go:123.84,126.2 2 1
github.com/devrev/pairdb/api-gateway/internal/metrics/prometheus.go:129.56,131.2 1 1
github.com/devrev/pairdb/api-gateway/internal/metrics/prometheus.go:134.49,135.13 1 1
github.com/devrev/pairdb/api-gateway/internal/metrics/prometheus.go:135.13,137.3 1 1
github.com/devrev/pairdb/api-gateway/internal/metrics/prometheus.go:137.8,139.3 1 1
github.com/devrev/pairdb/api-gateway/internal/metrics/prometheus.go:149.81,160.2 3 0
github.com/devrev/pairdb/api-gateway/internal/metrics/prometheus.go:163.40,166.2 2 0
github.com/devrev/pairdb/api-gateway/internal/metrics/prometheus.go:169.62,171.2 1 0
github.com/devrev/pairdb/api-gateway/internal/metrics/prometheus.go:174.68,175.46 1 1
github.com/devrev/pairdb/api-gateway/internal/metrics/prometheus.go:175.46,176.72 1 1
github.com/devrev/pairdb/api-gateway/internal/metrics/prometheus.go:176.72,188.4 8 1
github.com/devrev/pairdb/api-gateway/internal/metrics/prometheus.go:200.56,203.2 2 1
github.com/devrev/pairdb/api-gateway/internal/metrics/prometheus.go:206.63,210.2 3 1
github.com/devrev/pairdb/api-gateway/internal/middleware/middleware.go:25.48,26.71 1 1
github.com/devrev/pairdb/api-gateway/internal/middleware/middleware.go:26.71,28.22 2 1
github.com/devrev/pairdb/api-gateway/internal/middleware/middleware.go:28.22,30.4 1 1
github.com/devrev/pairdb/api-gateway/internal/middleware/middleware.go:33.3,42.23 5 1
github.com/devrev/pairdb/api-gateway/internal/middleware/middleware.go:47.66,48.46 1 1
github.com/devrev/pairdb/api-gateway/internal/middleware/middleware.go:48.46,49.72 1 1
github.com/devrev/pairdb/api-gateway/internal/middleware/middleware.go:49.72,75.4 8 1
github.com/devrev/pairdb/api-gateway/internal/middleware/middleware.go:80.67,81.46 1 1
github.com/devrev/pairdb/api-gateway/internal/middleware/middleware.go:81.46,82.72 1 1
github.com/devrev/pairdb/api-gateway/internal/middleware/middleware.go:82.72,83.17 1 1
github.com/devrev/pairdb/api-gateway/internal/middleware/middleware.go:83.17,84.37 1 1
github.com/devrev/pairdb/api-gateway/internal/middleware/middleware.go:84.37,95.6 5 1
github.com/devrev/pairdb/api-gateway/internal/middleware/middleware.go:98.4,98.24 1 1
github.com/devrev/pairdb/api-gateway/internal/middleware/middleware.go:104.68,105.46 1 1
github.com/devrev/pairdb/api-gateway/internal/middleware/middleware.go:105.46,106.72 1 1
github.com/devrev/pairdb/api-gateway/internal/middleware/middleware.go:106.72,111.37 3 1
github.com/devrev/pairdb/api-gateway/internal/middleware/middleware.go:111.37,112.32 1 1
github.com/devrev/pairdb/api-gateway/internal/middleware/middleware.go:112.32,114.11 2 1
github.com/devrev/pairdb/api-gateway/internal/middleware/middleware.go:118.4,118.31 1 1
github.com/devrev/pairdb/api-gateway/internal/middleware/middleware.go:118.31,123.5 4 1
github.com/devrev/pairdb/api-gateway/internal/middleware/middleware.go:126.4,126.38 1 1
github.com/devrev/pairdb/api-gateway/internal/middleware/middleware.go:126.38,129.5 2 1
github.com/devrev/pairdb/api-gateway/internal/middleware/middleware.go:131.4,131.24 1 1
github.com/devrev/pairdb/api-gateway/internal/middleware/middleware.go:143.96,148.2 1 1
github.com/devrev/pairdb/api-gateway/internal/middleware/middleware.go:151.62,152.71 1 1
github.com/devrev/pairdb/api-gateway/internal/middleware/middleware.go:152.71,153.26 1 1
github.com/devrev/pairdb/api-gateway/internal/middleware/middleware.go:153.26,166.4 7 1
github.com/devrev/pairdb/api-gateway/internal/middleware/middleware.go:168.3,168.23 1 1
github.com/devrev/pairdb/api-gateway/internal/middleware/middleware.go:173.50,174.71 1 1
github.com/devrev/pairdb/api-gateway/internal/middleware/middleware.go:174.71,177.3 2 1
github.com/devrev/pairdb/api-gateway/internal/middleware/middleware.go:181.69,182.46 1 1
github.com/devrev/pairdb/api-gateway/internal/middleware/middleware.go:182.46,183.72 1 1
github.com/devrev/pairdb/api-gateway/internal/middleware/middleware.go:183.72,189.4 4 1
github.com/devrev/pairdb/api-gateway/internal/middleware/middleware.go:200.49,203.2 2 1
github.com/devrev/pairdb/api-gateway/internal/middleware/middleware.go:206.92,207.47 1 1
github.com/devrev/pairdb/api-gateway/internal/middleware/middleware.go:207.47,208.46 1 1
github.com/devrev/pairdb/api-gateway/internal/middleware/middleware.go:208.46,210.4 1 1
github.com/devrev/pairdb/api-gateway/internal/middleware/middleware.go:211.3,211.15 1 1
github.com/devrev/pairdb/api-gateway/internal/server/server.go:33.89,57.2 6 1
github.com/devrev/pairdb/api-gateway/internal/server/server.go:60.32,70.31 2 1
github.com/devrev/pairdb/api-gateway/internal/server/server.go:70.31,77.3 2 1
github.com/devrev/pairdb/api-gateway/internal/server/server.go:80.2,81.52 2 1
github.com/devrev/pairdb/api-gateway/internal/server/server.go:81.52,83.3 1 1
github.com/devrev/pairdb/api-gateway/internal/server/server.go:86.2,109.91 14 1
github.com/devrev/pairdb/api-gateway/internal/server/server.go:109.91,112.3 2 1
github.com/devrev/pairdb/api-gateway/internal/server/server.go:115.2,115.99 1 1
github.com/devrev/pairdb/api-gateway/internal/server/server.go:115.99,118.3 2 0
github.com/devrev/pairdb/api-gateway/internal/server/server.go:122.32,127.85 2 1
github.com/devrev/pairdb/api-gateway/internal/server/server.go:127.85,129.3 1 0
github.com/devrev/pairdb/api-gateway/internal/server/server.go:130.2,130.12 1 1
github.com/devrev/pairdb/api-gateway/internal/server/server.go:134.54,137.2 2 1
github.com/devrev/pairdb/api-gateway/internal/server/server.go:140.42,142.2 1 1
github.com/devrev/pairdb/api-gateway/internal/server/server.go:145.44,147.2 1 1
github.com/devrev/pairdb/api-gateway/internal/server/server.go:150.42,152.12 2 1
github.com/devrev/pairdb/api-gateway/internal/server/server.go:152.12,153.35 1 1
github.com/devrev/pairdb/api-gateway/internal/server/server.go:153.35,155.4 1 0
github.com/devrev/pairdb/api-gateway/internal/server/server.go:156.3,156.17 1 1
github.com/devrev/pairdb/api-gateway/internal/server/server.go:160.2,161.16 2 1
